<?xml version="1.0" encoding="UTF-8"?>
<!-- Generated by org.testng.reporters.JUnitReportReporter -->
<testsuite hostname="DESKTOP-UO09EH4" failures="0" tests="1" name="org.maya.SeleGridTest.Test123" time="76.225" errors="0" timestamp="2024-03-02T08:58:48 IST" skipped="0">
  <testcase classname="org.maya.SeleGridTest.Test123" name="Check1" time="76.225"/>
</testsuite> <!-- org.maya.SeleGridTest.Test123 -->
